<?xml version="1.0" encoding="UTF-8"?>
<!-- Generated by org.testng.reporters.JUnitReportReporter -->
<testsuite hostname="Drugi" failures="0" tests="1" name="automation_tests.BaseTests" time="0.089" errors="0" timestamp="2021-06-11T23:43:22 CEST" skipped="0">
  <testcase classname="automation_tests.BaseTests" name="logInWithValidCredentials" time="0.089"/>
  <system-out/>
</testsuite> <!-- automation_tests.BaseTests -->
