<?xml version="1.0" encoding="UTF-8"?>
<!-- Generated by org.testng.reporters.JUnitReportReporter -->
<testsuite hostname="Drugi" failures="0" tests="1" name="tests.Proba" time="21.181" errors="0" timestamp="2021-06-08T22:42:40 CEST" skipped="0">
  <testcase classname="tests.Proba" name="test" time="21.181"/>
  <system-out/>
</testsuite> <!-- tests.Proba -->
