<?xml version="1.0" encoding="UTF-8"?>
<!-- Generated by org.testng.reporters.JUnitReportReporter -->
<testsuite hostname="Drugi" failures="0" tests="5" name="automation_tests.LogInTests" time="88.040" errors="0" timestamp="2021-06-14T23:22:51 CEST" skipped="0">
  <testcase classname="automation_tests.LogInTests" name="logInValidCredentials" time="19.118"/>
  <system-out/>
  <testcase classname="automation_tests.LogInTests" name="logInInvalidEmailValidPassword" time="20.872"/>
  <system-out/>
  <testcase classname="automation_tests.LogInTests" name="logInValidEmailInvalidPassword" time="17.515"/>
  <system-out/>
  <testcase classname="automation_tests.LogInTests" name="logInWithEmptyCredentials" time="11.874"/>
  <system-out/>
  <testcase classname="automation_tests.LogInTests" name="logOut" time="18.661"/>
  <system-out/>
</testsuite> <!-- automation_tests.LogInTests -->
